-------------------------------------------------------------------------------
Test set: com.goran.uno.game.ComputerPlayerTest
-------------------------------------------------------------------------------
Tests run: 6, Failures: 0, Errors: 2, Skipped: 0, Time elapsed: 0.311 s <<< FAILURE! -- in com.goran.uno.game.ComputerPlayerTest
com.goran.uno.game.ComputerPlayerTest.shouldChooseWildCardIfNoNumberedCards -- Time elapsed: 0.159 s <<< ERROR!
java.lang.NullPointerException: Cannot invoke "com.goran.uno.game.CardColor.equals(Object)" because the return value of "com.goran.uno.game.Card.getColor()" is null
	at com.goran.uno.game.Player.lambda$0(Player.java:28)
	at java.base/java.util.stream.ReferencePipeline$2$1.accept(ReferencePipeline.java:178)
	at java.base/java.util.AbstractList$RandomAccessSpliterator.forEachRemaining(AbstractList.java:722)
	at java.base/java.util.stream.AbstractPipeline.copyInto(AbstractPipeline.java:509)
	at java.base/java.util.stream.AbstractPipeline.wrapAndCopyInto(AbstractPipeline.java:499)
	at java.base/java.util.stream.ReduceOps$ReduceOp.evaluateSequential(ReduceOps.java:921)
	at java.base/java.util.stream.AbstractPipeline.evaluate(AbstractPipeline.java:234)
	at java.base/java.util.stream.ReferencePipeline.collect(ReferencePipeline.java:682)
	at com.goran.uno.game.Player.setEligibleCards(Player.java:29)
	at com.goran.uno.game.ComputerPlayerTest.playerWithCards(ComputerPlayerTest.java:14)
	at com.goran.uno.game.ComputerPlayerTest.shouldChooseWildCardIfNoNumberedCards(ComputerPlayerTest.java:49)

com.goran.uno.game.ComputerPlayerTest.shouldChooseWildCardAndChooseBlueColor -- Time elapsed: 0.006 s <<< ERROR!
java.lang.NullPointerException: Cannot invoke "com.goran.uno.game.CardColor.equals(Object)" because the return value of "com.goran.uno.game.Card.getColor()" is null
	at com.goran.uno.game.Player.lambda$0(Player.java:28)
	at java.base/java.util.stream.ReferencePipeline$2$1.accept(ReferencePipeline.java:178)
	at java.base/java.util.AbstractList$RandomAccessSpliterator.forEachRemaining(AbstractList.java:722)
	at java.base/java.util.stream.AbstractPipeline.copyInto(AbstractPipeline.java:509)
	at java.base/java.util.stream.AbstractPipeline.wrapAndCopyInto(AbstractPipeline.java:499)
	at java.base/java.util.stream.ReduceOps$ReduceOp.evaluateSequential(ReduceOps.java:921)
	at java.base/java.util.stream.AbstractPipeline.evaluate(AbstractPipeline.java:234)
	at java.base/java.util.stream.ReferencePipeline.collect(ReferencePipeline.java:682)
	at com.goran.uno.game.Player.setEligibleCards(Player.java:29)
	at com.goran.uno.game.ComputerPlayerTest.playerWithCards(ComputerPlayerTest.java:14)
	at com.goran.uno.game.ComputerPlayerTest.shouldChooseWildCardAndChooseBlueColor(ComputerPlayerTest.java:57)

