<?xml version="1.0" encoding="UTF-8"?>
<testsuite xmlns:xsi="http://www.w3.org/2001/XMLSchema-instance" xsi:noNamespaceSchemaLocation="https://maven.apache.org/surefire/maven-surefire-plugin/xsd/surefire-test-report-3.0.xsd" version="3.0" name="com.goran.uno.game.ComputerPlayerTest" time="0.207" tests="4" errors="0" skipped="0" failures="0">
  <properties>
[...]
</properties>
  <testcase name="chooseNumberdCard" classname="com.goran.uno.game.ComputerPlayerTest" time="0.153">
    <system-out><![CDATA[BLUE 2
]]></system-out>
  </testcase>
  <testcase name="decideDraw" classname="com.goran.uno.game.ComputerPlayerTest" time="0.004">
    <system-out><![CDATA[deciding move
]]></system-out>
  </testcase>
  <testcase name="decideMove" classname="com.goran.uno.game.ComputerPlayerTest" time="0.004">
    <system-out><![CDATA[deciding move
]]></system-out>
  </testcase>
  <testcase name="decidePass" classname="com.goran.uno.game.ComputerPlayerTest" time="0.004">
    <system-out><![CDATA[deciding move
]]></system-out>
  </testcase>
</testsuite>